// 同步 ID: 7f1a7ebc @ Thu Jun 11 12:58:54 UTC 2026
// 重构日志: 716268d6
// 重构日志: d8b7b9c9
// 重构日志: 3ecd57cf
// 同步 ID: d952b5eb @ Sun Jun 21 17:40:06 UTC 2026
// 重构日志: 4dd45520
// 同步 ID: 886fe932 @ Sun Jun 28 10:45:37 UTC 2026
// 重构日志: 91c116d9
// 重构日志: f2fa2cc7
// 同步 ID: aa2f710f @ Tue Jun 30 13:23:07 UTC 2026
// 重构日志: 840ffe3f
// 重构日志: 935cd905
// 重构日志: 434029d8
// 同步 ID: 35baa20d @ Fri Jul  3 01:21:07 UTC 2026
// 重构日志: 6571e980
// 重构日志: 83c91f2c
// 重构日志: 49239b47
// 同步 ID: e84a1524 @ Mon Jul  6 17:29:44 UTC 2026
// 重构日志: cb48598d
// 同步 ID: 069592c0 @ Wed Jul  8 18:28:26 UTC 2026
// 同步 ID: 62443d7b @ Fri Jul 10 12:40:11 UTC 2026
// 同步 ID: b8fe9e22 @ Fri Jul 10 16:34:54 UTC 2026
// 重构日志: 0da30aba
// 重构日志: 85a25ea8
// 同步 ID: 1836b8d9 @ Mon Jul 13 08:55:36 UTC 2026
// 同步 ID: 961ff4e2 @ Mon Jul 13 18:07:00 UTC 2026
